0 info it worked if it ends with ok
1 verbose cli [ '/usr/bin/node',
1 verbose cli   '/usr/bin/npm',
1 verbose cli   'install',
1 verbose cli   'gulp-yargs',
1 verbose cli   '--save-dev' ]
2 info using npm@1.4.28
3 info using node@v0.10.38
4 verbose node symlink /usr/bin/node
5 warn package.json app@0.0.0 No description
6 warn package.json app@0.0.0 No repository field.
7 verbose readDependencies using package.json deps
8 verbose cache add [ 'gulp-yargs', null ]
9 verbose cache add name=undefined spec="gulp-yargs" args=["gulp-yargs",null]
10 verbose parsed url { protocol: null,
10 verbose parsed url   slashes: null,
10 verbose parsed url   auth: null,
10 verbose parsed url   host: null,
10 verbose parsed url   port: null,
10 verbose parsed url   hostname: null,
10 verbose parsed url   hash: null,
10 verbose parsed url   search: null,
10 verbose parsed url   query: null,
10 verbose parsed url   pathname: 'gulp-yargs',
10 verbose parsed url   path: 'gulp-yargs',
10 verbose parsed url   href: 'gulp-yargs' }
11 silly lockFile 735bcd86-gulp-yargs gulp-yargs
12 verbose lock gulp-yargs /home/ruben/.npm/735bcd86-gulp-yargs.lock
13 silly lockFile 735bcd86-gulp-yargs gulp-yargs
14 silly lockFile 735bcd86-gulp-yargs gulp-yargs
15 verbose addNamed [ 'gulp-yargs', '' ]
16 verbose addNamed [ null, '*' ]
17 silly lockFile 5e6ab732-gulp-yargs gulp-yargs@
18 verbose lock gulp-yargs@ /home/ruben/.npm/5e6ab732-gulp-yargs.lock
19 silly addNameRange { name: 'gulp-yargs', range: '*', hasData: false }
20 verbose request where is /gulp-yargs
21 verbose request registry https://registry.npmjs.org/
22 verbose request id 51b73c99776c0591
23 verbose url raw /gulp-yargs
24 verbose url resolving [ 'https://registry.npmjs.org/', './gulp-yargs' ]
25 verbose url resolved https://registry.npmjs.org/gulp-yargs
26 verbose request where is https://registry.npmjs.org/gulp-yargs
27 info trying registry request attempt 1 at 00:59:21
28 http GET https://registry.npmjs.org/gulp-yargs
29 http 404 https://registry.npmjs.org/gulp-yargs
30 verbose headers { server: 'CouchDB/1.5.0 (Erlang OTP/R16B03)',
30 verbose headers   'content-type': 'application/json',
30 verbose headers   'cache-control': 'max-age=0',
30 verbose headers   'content-length': '51',
30 verbose headers   'accept-ranges': 'bytes',
30 verbose headers   date: 'Sun, 24 May 2015 06:59:21 GMT',
30 verbose headers   via: '1.1 varnish',
30 verbose headers   age: '0',
30 verbose headers   connection: 'keep-alive',
30 verbose headers   'x-served-by': 'cache-iad2126-IAD',
30 verbose headers   'x-cache': 'MISS',
30 verbose headers   'x-cache-hits': '0',
30 verbose headers   'x-timer': 'S1432450761.392086,VS0,VE16' }
31 silly registry.get cb [ 404,
31 silly registry.get   { server: 'CouchDB/1.5.0 (Erlang OTP/R16B03)',
31 silly registry.get     'content-type': 'application/json',
31 silly registry.get     'cache-control': 'max-age=0',
31 silly registry.get     'content-length': '51',
31 silly registry.get     'accept-ranges': 'bytes',
31 silly registry.get     date: 'Sun, 24 May 2015 06:59:21 GMT',
31 silly registry.get     via: '1.1 varnish',
31 silly registry.get     age: '0',
31 silly registry.get     connection: 'keep-alive',
31 silly registry.get     'x-served-by': 'cache-iad2126-IAD',
31 silly registry.get     'x-cache': 'MISS',
31 silly registry.get     'x-cache-hits': '0',
31 silly registry.get     'x-timer': 'S1432450761.392086,VS0,VE16' } ]
32 silly lockFile 5e6ab732-gulp-yargs gulp-yargs@
33 silly lockFile 5e6ab732-gulp-yargs gulp-yargs@
34 error 404 404 Not Found: gulp-yargs
34 error 404
34 error 404 'gulp-yargs' is not in the npm registry.
34 error 404 You should bug the author to publish it
34 error 404 It was specified as a dependency of 'app'
34 error 404
34 error 404 Note that you can also install from a
34 error 404 tarball, folder, or http url, or git url.
35 error System Linux 3.16.0-37-generic
36 error command "/usr/bin/node" "/usr/bin/npm" "install" "gulp-yargs" "--save-dev"
37 error cwd /home/ruben/Documents/GIT/TEC/pets-rescue
38 error node -v v0.10.38
39 error npm -v 1.4.28
40 error code E404
41 verbose exit [ 1, true ]
